  ERP42.c
C:\Users\rlawl\Desktop\GUI_RUBBER_0927_수정중\ERP42.c(12,24): warning C4013: 'RS232_OpenComport'이(가) 정의되지 않았습니다. extern은 int형을 반환하는 것으로 간주합니다.
C:\Users\rlawl\Desktop\GUI_RUBBER_0927_수정중\ERP42.c(15,13): warning C4098: 'Open_ERPconnect': 'void' 함수에서 값을 반환하고 있습니다.
C:\Users\rlawl\Desktop\GUI_RUBBER_0927_수정중\ERP42.c(41,69): warning C4244: '=': 'double'에서 'int'(으)로 변환하면서 데이터가 손실될 수 있습니다.
C:\Users\rlawl\Desktop\GUI_RUBBER_0927_수정중\ERP42.c(45,69): warning C4244: '=': 'double'에서 'int'(으)로 변환하면서 데이터가 손실될 수 있습니다.
C:\Users\rlawl\Desktop\GUI_RUBBER_0927_수정중\ERP42.c(64,37): warning C4244: '=': 'double'에서 'int'(으)로 변환하면서 데이터가 손실될 수 있습니다.
C:\Users\rlawl\Desktop\GUI_RUBBER_0927_수정중\ERP42.c(70,30): warning C4013: 'RS232_SendBuf'이(가) 정의되지 않았습니다. extern은 int형을 반환하는 것으로 간주합니다.
  Memwrite.c
C:\Users\rlawl\Desktop\GUI_RUBBER_0927_수정중\Memwrite.c(21,12): warning C4098: 'OpenClientLidar': 'void' 함수에서 값을 반환하고 있습니다.
C:\Users\rlawl\Desktop\GUI_RUBBER_0927_수정중\Memwrite.c(32,12): warning C4098: 'OpenClientLidar': 'void' 함수에서 값을 반환하고 있습니다.
  RubberGuidance.c
C:\Users\rlawl\Desktop\GUI_RUBBER_0927_수정중\RubberGuidance.h(41,34): warning C4244: '초기화 중': 'double'에서 'int'(으)로 변환하면서 데이터가 손실될 수 있습니다.
C:\Users\rlawl\Desktop\GUI_RUBBER_0927_수정중\RubberGuidance.c(250,26): warning C4018: '<': signed 또는 unsigned가 일치하지 않습니다.
C:\Users\rlawl\Desktop\GUI_RUBBER_0927_수정중\RubberGuidance.c(298,43): warning C4018: '<': signed 또는 unsigned가 일치하지 않습니다.
C:\Users\rlawl\Desktop\GUI_RUBBER_0927_수정중\RubberGuidance.c(341,23): warning C4018: '<=': signed 또는 unsigned가 일치하지 않습니다.
C:\Users\rlawl\Desktop\GUI_RUBBER_0927_수정중\RubberGuidance.c(357,23): warning C4018: '<': signed 또는 unsigned가 일치하지 않습니다.
C:\Users\rlawl\Desktop\GUI_RUBBER_0927_수정중\RubberGuidance.c(391,23): warning C4018: '<=': signed 또는 unsigned가 일치하지 않습니다.
C:\Users\rlawl\Desktop\GUI_RUBBER_0927_수정중\RubberGuidance.c(468,32): warning C4244: '=': 'double'에서 'int'(으)로 변환하면서 데이터가 손실될 수 있습니다.
C:\Users\rlawl\Desktop\GUI_RUBBER_0927_수정중\RubberGuidance.c(469,32): warning C4244: '=': 'double'에서 'int'(으)로 변환하면서 데이터가 손실될 수 있습니다.
C:\Users\rlawl\Desktop\GUI_RUBBER_0927_수정중\RubberGuidance.c(560,32): warning C4244: '=': 'double'에서 'int'(으)로 변환하면서 데이터가 손실될 수 있습니다.
C:\Users\rlawl\Desktop\GUI_RUBBER_0927_수정중\RubberGuidance.c(561,32): warning C4244: '=': 'double'에서 'int'(으)로 변환하면서 데이터가 손실될 수 있습니다.
C:\Users\rlawl\Desktop\GUI_RUBBER_0927_수정중\RubberGuidance.c(562,32): warning C4244: '=': 'double'에서 'int'(으)로 변환하면서 데이터가 손실될 수 있습니다.
C:\Users\rlawl\Desktop\GUI_RUBBER_0927_수정중\RubberGuidance.c(771,11): warning C4098: 'SaveData_Flag': 'void' 함수에서 값을 반환하고 있습니다.
  TimeCheck.c
  UDP.c
C:\Users\rlawl\Desktop\GUI_RUBBER_0927_수정중\UDP.c(56,43): warning C4133: '함수': 'int *'과(와) 'char *' 사이의 형식이 호환되지 않습니다.
C:\Users\rlawl\Desktop\GUI_RUBBER_0927_수정중\UDP.c(71,50): warning C4133: '함수': 'int [1]'과(와) 'char *' 사이의 형식이 호환되지 않습니다.
C:\Users\rlawl\Desktop\GUI_RUBBER_0927_수정중\UDP.c(94,21): warning C4133: '함수': 'int *'과(와) 'const char *' 사이의 형식이 호환되지 않습니다.
  main.c
C:\Users\rlawl\Desktop\GUI_RUBBER_0927_수정중\main.c(20,23): warning C4244: '함수': 'double'에서 'int'(으)로 변환하면서 데이터가 손실될 수 있습니다.
  코드를 생성하고 있습니다...
  RUBBER_0913.vcxproj -> C:\Users\rlawl\Desktop\GUI_RUBBER_0927_수정중\Debug\RUBBER_0913.exe
